#
# There is insufficient memory for the Java Runtime Environment to continue.
# Native memory allocation (mmap) failed to map 536870912 bytes for Failed to commit area from 0x0000000600c00000 to 0x0000000620c00000 of length 536870912.
# Possible reasons:
#   The system is out of physical RAM or swap space
#   The process is running with CompressedOops enabled, and the Java Heap may be blocking the growth of the native heap
# Possible solutions:
#   Reduce memory load on the system
#   Increase physical memory or swap space
#   Check if swap backing store is full
#   Decrease Java heap size (-Xmx/-Xms)
#   Decrease number of Java threads
#   Decrease Java thread stack sizes (-Xss)
#   Set larger code cache with -XX:ReservedCodeCacheSize=
# This output file may be truncated or incomplete.
#
#  Out of Memory Error (./src/hotspot/os/windows/os_windows.cpp:3311), pid=20008, tid=8548
#
# JRE version:  (11.0.13+8) (build )
# Java VM: OpenJDK 64-Bit Server VM (11.0.13+8, mixed mode, sharing, tiered, compressed oops, g1 gc, windows-amd64)
# No core dump will be written. Minidumps are not enabled by default on client versions of Windows
#

---------------  S U M M A R Y ------------

Command Line: -Dorg.gradle.appname=gradlew org.gradle.wrapper.GradleWrapperMain installDebug

Host: Intel(R) Core(TM) i5-9400F CPU @ 2.90GHz, 6 cores, 31G,  Windows 10 , 64 bit Build 19041 (10.0.19041.1023)
Time: Wed Nov 10 13:50:02 2021 SE Asia Standard Time elapsed time: 0.009879 seconds (0d 0h 0m 0s)

---------------  T H R E A D  ---------------

Current thread (0x000002002d3e8000):  JavaThread "Unknown thread" [_thread_in_vm, id=8548, stack(0x00000008a3900000,0x00000008a3a00000)]

Stack: [0x00000008a3900000,0x00000008a3a00000]
Native frames: (J=compiled Java code, j=interpreted, Vv=VM code, C=native code)
V  [jvm.dll+0x61cc7a]
V  [jvm.dll+0x7a8fd9]
V  [jvm.dll+0x7aa69f]
V  [jvm.dll+0x7aad73]
V  [jvm.dll+0x24f808]
V  [jvm.dll+0x619f8a]
V  [jvm.dll+0x60e835]
V  [jvm.dll+0x30733c]
V  [jvm.dll+0x3071c2]
V  [jvm.dll+0x30bee6]
V  [jvm.dll+0x350e8f]
V  [jvm.dll+0x3508c0]
V  [jvm.dll+0x2e4438]
V  [jvm.dll+0x2e5596]
V  [jvm.dll+0x782db7]
V  [jvm.dll+0x78453f]
V  [jvm.dll+0x35dc19]
V  [jvm.dll+0x765d40]
V  [jvm.dll+0x3cb66f]
V  [jvm.dll+0x3cda01]
C  [jli.dll+0x5207]
C  [ucrtbase.dll+0x21bb2]
C  [KERNEL32.DLL+0x17034]
C  [ntdll.dll+0x52651]


---------------  P R O C E S S  ---------------

Threads class SMR info:
_java_thread_list=0x000002002ba40350, length=0, elements={
}

Java Threads: ( => current thread )

Other Threads:
  0x000002002d3ff000 GCTaskThread "GC Thread#0" [stack: 0x00000008a3a00000,0x00000008a3b00000] [id=26344]
  0x000002002d480000 ConcurrentGCThread "G1 Main Marker" [stack: 0x00000008a3b00000,0x00000008a3c00000] [id=9468]
  0x000002002d482800 ConcurrentGCThread "G1 Conc#0" [stack: 0x00000008a3c00000,0x00000008a3d00000] [id=40576]

[error occurred during error reporting (printing all threads), id 0xc0000005, EXCEPTION_ACCESS_VIOLATION (0xc0000005) at pc=0x00007ffdfd753b17]

VM state:not at safepoint (not fully initialized)

VM Mutex/Monitor currently owned by a thread:  ([mutex/lock_event])
[0x000002002d3e53e0] Heap_lock - owner thread: 0x000002002d3e8000

Heap address: 0x0000000600c00000, size: 8180 MB, Compressed Oops mode: Non-zero based: 0x0000000600c00000
Narrow klass base: 0x0000000000000000, Narrow klass shift: 0

GC Heap History (0 events):
No events

Deoptimization events (0 events):
No events

Classes redefined (0 events):
No events

Internal exceptions (0 events):
No events

Events (1 events):
Event: 0.006 Loaded shared library C:\Program Files\Eclipse Adoptium\jdk-11.0.13.8-hotspot\bin\zip.dll


Dynamic libraries:
0x00007ff7efdf0000 - 0x00007ff7efdfd000 	C:\Program Files\Eclipse Adoptium\jdk-11.0.13.8-hotspot\bin\java.exe
0x00007ffe71db0000 - 0x00007ffe71fa5000 	C:\WINDOWS\SYSTEM32\ntdll.dll
0x00007ffe70fa0000 - 0x00007ffe7105d000 	C:\WINDOWS\System32\KERNEL32.DLL
0x00007ffe6f6a0000 - 0x00007ffe6f969000 	C:\WINDOWS\System32\KERNELBASE.dll
0x00007ffe6f970000 - 0x00007ffe6fa70000 	C:\WINDOWS\System32\ucrtbase.dll
0x00007ffe401d0000 - 0x00007ffe401e5000 	C:\Program Files\Eclipse Adoptium\jdk-11.0.13.8-hotspot\bin\VCRUNTIME140.dll
0x00007ffe43340000 - 0x00007ffe43357000 	C:\Program Files\Eclipse Adoptium\jdk-11.0.13.8-hotspot\bin\jli.dll
0x00007ffe71630000 - 0x00007ffe717d0000 	C:\WINDOWS\System32\USER32.dll
0x00007ffe6fb00000 - 0x00007ffe6fb22000 	C:\WINDOWS\System32\win32u.dll
0x00007ffe63180000 - 0x00007ffe6341a000 	C:\WINDOWS\WinSxS\amd64_microsoft.windows.common-controls_6595b64144ccf1df_6.0.19041.1110_none_60b5254171f9507e\COMCTL32.dll
0x00007ffe71600000 - 0x00007ffe7162a000 	C:\WINDOWS\System32\GDI32.dll
0x00007ffe71840000 - 0x00007ffe718de000 	C:\WINDOWS\System32\msvcrt.dll
0x00007ffe6f590000 - 0x00007ffe6f69b000 	C:\WINDOWS\System32\gdi32full.dll
0x00007ffe6f4f0000 - 0x00007ffe6f58d000 	C:\WINDOWS\System32\msvcp_win.dll
0x00007ffe71180000 - 0x00007ffe711b0000 	C:\WINDOWS\System32\IMM32.DLL
0x00007ffdfdfe0000 - 0x00007ffdfe07b000 	C:\Program Files\Eclipse Adoptium\jdk-11.0.13.8-hotspot\bin\msvcp140.dll
0x00007ffdfd460000 - 0x00007ffdfdfde000 	C:\Program Files\Eclipse Adoptium\jdk-11.0.13.8-hotspot\bin\server\jvm.dll
0x00007ffe71060000 - 0x00007ffe7110c000 	C:\WINDOWS\System32\ADVAPI32.dll
0x00007ffe71560000 - 0x00007ffe715fb000 	C:\WINDOWS\System32\sechost.dll
0x00007ffe71410000 - 0x00007ffe7153a000 	C:\WINDOWS\System32\RPCRT4.dll
0x00007ffe706c0000 - 0x00007ffe706c8000 	C:\WINDOWS\System32\PSAPI.DLL
0x00007ffe31d80000 - 0x00007ffe31d89000 	C:\WINDOWS\SYSTEM32\WSOCK32.dll
0x00007ffe65280000 - 0x00007ffe652a7000 	C:\WINDOWS\SYSTEM32\WINMM.dll
0x00007ffe717d0000 - 0x00007ffe7183b000 	C:\WINDOWS\System32\WS2_32.dll
0x00007ffe6acd0000 - 0x00007ffe6acda000 	C:\WINDOWS\SYSTEM32\VERSION.dll
0x00007ffe6d440000 - 0x00007ffe6d452000 	C:\WINDOWS\SYSTEM32\kernel.appcore.dll
0x00007ffe43330000 - 0x00007ffe43340000 	C:\Program Files\Eclipse Adoptium\jdk-11.0.13.8-hotspot\bin\verify.dll
0x00007ffe54f30000 - 0x00007ffe55114000 	C:\WINDOWS\SYSTEM32\DBGHELP.DLL
0x00007ffe54480000 - 0x00007ffe544ac000 	C:\WINDOWS\SYSTEM32\dbgcore.DLL
0x00007ffe6fc30000 - 0x00007ffe6fcb3000 	C:\WINDOWS\System32\bcryptPrimitives.dll
0x00007ffe22600000 - 0x00007ffe22628000 	C:\Program Files\Eclipse Adoptium\jdk-11.0.13.8-hotspot\bin\java.dll
0x00007ffe401c0000 - 0x00007ffe401ca000 	C:\Program Files\Eclipse Adoptium\jdk-11.0.13.8-hotspot\bin\jimage.dll
0x00007ffe259a0000 - 0x00007ffe259b7000 	C:\Program Files\Eclipse Adoptium\jdk-11.0.13.8-hotspot\bin\zip.dll

dbghelp: loaded successfully - version: 4.0.5 - missing functions: none
symbol engine: initialized successfully - sym options: 0x614 - pdb path: .;C:\Program Files\Eclipse Adoptium\jdk-11.0.13.8-hotspot\bin;C:\WINDOWS\SYSTEM32;C:\WINDOWS\WinSxS\amd64_microsoft.windows.common-controls_6595b64144ccf1df_6.0.19041.1110_none_60b5254171f9507e;C:\Program Files\Eclipse Adoptium\jdk-11.0.13.8-hotspot\bin\server

VM Arguments:
jvm_args: -Dorg.gradle.appname=gradlew 
java_command: org.gradle.wrapper.GradleWrapperMain installDebug
java_class_path (initial): C:\Users\Irfan\Documents\GitHub\sumber-terang\\gradle\wrapper\gradle-wrapper.jar
Launcher Type: SUN_STANDARD

[Global flags]
     intx CICompilerCount                          = 3                                         {product} {ergonomic}
     uint ConcGCThreads                            = 2                                         {product} {ergonomic}
     uint G1ConcRefinementThreads                  = 6                                         {product} {ergonomic}
   size_t G1HeapRegionSize                         = 2097152                                   {product} {ergonomic}
    uintx GCDrainStackTargetSize                   = 64                                        {product} {ergonomic}
   size_t InitialHeapSize                          = 536870912                                 {product} {ergonomic}
   size_t MarkStackSize                            = 4194304                                   {product} {ergonomic}
   size_t MaxHeapSize                              = 8577351680                                {product} {ergonomic}
   size_t MinHeapDeltaBytes                        = 2097152                                   {product} {ergonomic}
    uintx NonNMethodCodeHeapSize                   = 5830732                                {pd product} {ergonomic}
    uintx NonProfiledCodeHeapSize                  = 122913754                              {pd product} {ergonomic}
    uintx ProfiledCodeHeapSize                     = 122913754                              {pd product} {ergonomic}
    uintx ReservedCodeCacheSize                    = 251658240                              {pd product} {ergonomic}
     bool SegmentedCodeCache                       = true                                      {product} {ergonomic}
     bool UseCompressedClassPointers               = true                                 {lp64_product} {ergonomic}
     bool UseCompressedOops                        = true                                 {lp64_product} {ergonomic}
     bool UseG1GC                                  = true                                      {product} {ergonomic}
     bool UseLargePagesIndividualAllocation        = false                                  {pd product} {ergonomic}

Logging:
Log output configuration:
 #0: stdout all=warning uptime,level,tags
 #1: stderr all=off uptime,level,tags

Environment Variables:
JAVA_HOME=C:\Program Files\Eclipse Adoptium\jdk-11.0.13.8-hotspot\
CLASSPATH=C:\Users\Irfan\Documents\GitHub\sumber-terang\\gradle\wrapper\gradle-wrapper.jar
PATH=C:\Program Files\Eclipse Adoptium\jdk-11.0.13.8-hotspot\bin;C:\Program Files\ImageMagick-7.1.0-Q16-HDRI;C:\WINDOWS\system32;C:\WINDOWS;C:\WINDOWS\System32\Wbem;C:\WINDOWS\System32\WindowsPowerShell\v1.0\;C:\WINDOWS\System32\OpenSSH\;C:\xampp\php;C:\xampp\apache\bin;C:\Program Files\PuTTY\;C:\Program Files\Git\cmd;C:\Program Files\nodejs\;C:\ProgramData\ComposerSetup\bin;C:\Program Files (x86)\Certbot\bin;C:\Program Files (x86)\NVIDIA Corporation\PhysX\Common;C:\Program Files (x86)\Yarn\bin\;C:\Android\cmdline-tools\tools\bin;C:\Android\flutter\bin;C:\Users\Irfan\AppData\Local\Yarn\bin;C:\Users\Irfan\AppData\Local\GitHubDesktop\bin;C:\Users\Irfan\AppData\Local\Programs\Microsoft VS Code\bin
USERNAME=Irfan
OS=Windows_NT
PROCESSOR_IDENTIFIER=Intel64 Family 6 Model 158 Stepping 13, GenuineIntel



---------------  S Y S T E M  ---------------

OS: Windows 10 , 64 bit Build 19041 (10.0.19041.1023)
OS uptime: 0 days 5:44 hours

CPU:total 6 (initial active 6) (6 cores per cpu, 1 threads per core) family 6 model 158 stepping 13 microcode 0xb8, cmov, cx8, fxsr, mmx, sse, sse2, sse3, ssse3, sse4.1, sse4.2, popcnt, avx, avx2, aes, clmul, erms, 3dnowpref, lzcnt, tsc, tscinvbit, bmi1, bmi2, adx, fma

Memory: 4k page, system-wide physical 32712M (11113M free)
TotalPageFile size 40712M (AvailPageFile size 368M)
current process WorkingSet (physical memory assigned to process): 10M, peak: 10M
current process commit charge ("private bytes"): 56M, peak: 568M

vm_info: OpenJDK 64-Bit Server VM (11.0.13+8) for windows-amd64 JRE (11.0.13+8), built on Oct 19 2021 17:05:59 by "" with unknown MS VC++:1916

END.
