#
# There is insufficient memory for the Java Runtime Environment to continue.
# Native memory allocation (mmap) failed to map 536870912 bytes for Failed to commit area from 0x0000000600c00000 to 0x0000000620c00000 of length 536870912.
# Possible reasons:
#   The system is out of physical RAM or swap space
#   The process is running with CompressedOops enabled, and the Java Heap may be blocking the growth of the native heap
# Possible solutions:
#   Reduce memory load on the system
#   Increase physical memory or swap space
#   Check if swap backing store is full
#   Decrease Java heap size (-Xmx/-Xms)
#   Decrease number of Java threads
#   Decrease Java thread stack sizes (-Xss)
#   Set larger code cache with -XX:ReservedCodeCacheSize=
# This output file may be truncated or incomplete.
#
#  Out of Memory Error (./src/hotspot/os/windows/os_windows.cpp:3311), pid=8236, tid=14464
#
# JRE version:  (11.0.13+8) (build )
# Java VM: OpenJDK 64-Bit Server VM (11.0.13+8, mixed mode, sharing, tiered, compressed oops, g1 gc, windows-amd64)
# No core dump will be written. Minidumps are not enabled by default on client versions of Windows
#

---------------  S U M M A R Y ------------

Command Line: -Dorg.gradle.appname=gradlew org.gradle.wrapper.GradleWrapperMain installDebug

Host: Intel(R) Core(TM) i5-9400F CPU @ 2.90GHz, 6 cores, 31G,  Windows 10 , 64 bit Build 19041 (10.0.19041.1023)
Time: Mon Nov  8 15:10:21 2021 SE Asia Standard Time elapsed time: 0.009136 seconds (0d 0h 0m 0s)

---------------  T H R E A D  ---------------

Current thread (0x0000021626d49000):  JavaThread "Unknown thread" [_thread_in_vm, id=14464, stack(0x000000cc5fc00000,0x000000cc5fd00000)]

Stack: [0x000000cc5fc00000,0x000000cc5fd00000]
Native frames: (J=compiled Java code, j=interpreted, Vv=VM code, C=native code)
V  [jvm.dll+0x61cc7a]
V  [jvm.dll+0x7a8fd9]
V  [jvm.dll+0x7aa69f]
V  [jvm.dll+0x7aad73]
V  [jvm.dll+0x24f808]
V  [jvm.dll+0x619f8a]
V  [jvm.dll+0x60e835]
V  [jvm.dll+0x30733c]
V  [jvm.dll+0x3071c2]
V  [jvm.dll+0x30bee6]
V  [jvm.dll+0x350e8f]
V  [jvm.dll+0x3508c0]
V  [jvm.dll+0x2e4438]
V  [jvm.dll+0x2e5596]
V  [jvm.dll+0x782db7]
V  [jvm.dll+0x78453f]
V  [jvm.dll+0x35dc19]
V  [jvm.dll+0x765d40]
V  [jvm.dll+0x3cb66f]
V  [jvm.dll+0x3cda01]
C  [jli.dll+0x5207]
C  [ucrtbase.dll+0x21bb2]
C  [KERNEL32.DLL+0x17034]
C  [ntdll.dll+0x52651]


---------------  P R O C E S S  ---------------

Threads class SMR info:
_java_thread_list=0x0000021625400e20, length=0, elements={
}

Java Threads: ( => current thread )

Other Threads:
  0x0000021626d61000 GCTaskThread "GC Thread#0" [stack: 0x000000cc5fd00000,0x000000cc5fe00000] [id=2220]
  0x0000021626de1000 ConcurrentGCThread "G1 Main Marker" [stack: 0x000000cc5fe00000,0x000000cc5ff00000] [id=20288]
  0x0000021626de3800 ConcurrentGCThread "G1 Conc#0" [stack: 0x000000cc5ff00000,0x000000cc60000000] [id=27708]

[error occurred during error reporting (printing all threads), id 0xc0000005, EXCEPTION_ACCESS_VIOLATION (0xc0000005) at pc=0x00007ff8737a3b17]

VM state:not at safepoint (not fully initialized)

VM Mutex/Monitor currently owned by a thread:  ([mutex/lock_event])
[0x0000021626d45f80] Heap_lock - owner thread: 0x0000021626d49000

Heap address: 0x0000000600c00000, size: 8180 MB, Compressed Oops mode: Non-zero based: 0x0000000600c00000
Narrow klass base: 0x0000000000000000, Narrow klass shift: 0

GC Heap History (0 events):
No events

Deoptimization events (0 events):
No events

Classes redefined (0 events):
No events

Internal exceptions (0 events):
No events

Events (1 events):
Event: 0.005 Loaded shared library C:\Program Files\Eclipse Adoptium\jdk-11.0.13.8-hotspot\bin\zip.dll


Dynamic libraries:
0x00007ff652dd0000 - 0x00007ff652ddd000 	C:\Program Files\Eclipse Adoptium\jdk-11.0.13.8-hotspot\bin\java.exe
0x00007ff926e30000 - 0x00007ff927025000 	C:\WINDOWS\SYSTEM32\ntdll.dll
0x00007ff925cf0000 - 0x00007ff925dad000 	C:\WINDOWS\System32\KERNEL32.DLL
0x00007ff9248b0000 - 0x00007ff924b79000 	C:\WINDOWS\System32\KERNELBASE.dll
0x00007ff924b80000 - 0x00007ff924c80000 	C:\WINDOWS\System32\ucrtbase.dll
0x00007ff8fa770000 - 0x00007ff8fa785000 	C:\Program Files\Eclipse Adoptium\jdk-11.0.13.8-hotspot\bin\VCRUNTIME140.dll
0x00007ff8fb250000 - 0x00007ff8fb267000 	C:\Program Files\Eclipse Adoptium\jdk-11.0.13.8-hotspot\bin\jli.dll
0x00007ff925b40000 - 0x00007ff925ce0000 	C:\WINDOWS\System32\USER32.dll
0x00007ff924e70000 - 0x00007ff924e92000 	C:\WINDOWS\System32\win32u.dll
0x00007ff903e10000 - 0x00007ff9040aa000 	C:\WINDOWS\WinSxS\amd64_microsoft.windows.common-controls_6595b64144ccf1df_6.0.19041.1110_none_60b5254171f9507e\COMCTL32.dll
0x00007ff925e40000 - 0x00007ff925e6a000 	C:\WINDOWS\System32\GDI32.dll
0x00007ff926cc0000 - 0x00007ff926d5e000 	C:\WINDOWS\System32\msvcrt.dll
0x00007ff924d60000 - 0x00007ff924e6b000 	C:\WINDOWS\System32\gdi32full.dll
0x00007ff9246b0000 - 0x00007ff92474d000 	C:\WINDOWS\System32\msvcp_win.dll
0x00007ff925e70000 - 0x00007ff925ea0000 	C:\WINDOWS\System32\IMM32.DLL
0x00007ff89f300000 - 0x00007ff89f39b000 	C:\Program Files\Eclipse Adoptium\jdk-11.0.13.8-hotspot\bin\msvcp140.dll
0x00007ff8734b0000 - 0x00007ff87402e000 	C:\Program Files\Eclipse Adoptium\jdk-11.0.13.8-hotspot\bin\server\jvm.dll
0x00007ff926b60000 - 0x00007ff926c0c000 	C:\WINDOWS\System32\ADVAPI32.dll
0x00007ff925aa0000 - 0x00007ff925b3b000 	C:\WINDOWS\System32\sechost.dll
0x00007ff9251a0000 - 0x00007ff9252ca000 	C:\WINDOWS\System32\RPCRT4.dll
0x00007ff925db0000 - 0x00007ff925db8000 	C:\WINDOWS\System32\PSAPI.DLL
0x00007ff91cb00000 - 0x00007ff91cb27000 	C:\WINDOWS\SYSTEM32\WINMM.dll
0x00007ff90bce0000 - 0x00007ff90bce9000 	C:\WINDOWS\SYSTEM32\WSOCK32.dll
0x00007ff91fa70000 - 0x00007ff91fa7a000 	C:\WINDOWS\SYSTEM32\VERSION.dll
0x00007ff925ea0000 - 0x00007ff925f0b000 	C:\WINDOWS\System32\WS2_32.dll
0x00007ff9224c0000 - 0x00007ff9224d2000 	C:\WINDOWS\SYSTEM32\kernel.appcore.dll
0x00007ff90b450000 - 0x00007ff90b460000 	C:\Program Files\Eclipse Adoptium\jdk-11.0.13.8-hotspot\bin\verify.dll
0x00007ff905ec0000 - 0x00007ff9060a4000 	C:\WINDOWS\SYSTEM32\DBGHELP.DLL
0x00007ff9053d0000 - 0x00007ff9053fc000 	C:\WINDOWS\SYSTEM32\dbgcore.DLL
0x00007ff9245c0000 - 0x00007ff924643000 	C:\WINDOWS\System32\bcryptPrimitives.dll
0x00007ff8f9eb0000 - 0x00007ff8f9ed8000 	C:\Program Files\Eclipse Adoptium\jdk-11.0.13.8-hotspot\bin\java.dll
0x00007ff90b370000 - 0x00007ff90b37a000 	C:\Program Files\Eclipse Adoptium\jdk-11.0.13.8-hotspot\bin\jimage.dll
0x00007ff8fa390000 - 0x00007ff8fa3a7000 	C:\Program Files\Eclipse Adoptium\jdk-11.0.13.8-hotspot\bin\zip.dll

dbghelp: loaded successfully - version: 4.0.5 - missing functions: none
symbol engine: initialized successfully - sym options: 0x614 - pdb path: .;C:\Program Files\Eclipse Adoptium\jdk-11.0.13.8-hotspot\bin;C:\WINDOWS\SYSTEM32;C:\WINDOWS\WinSxS\amd64_microsoft.windows.common-controls_6595b64144ccf1df_6.0.19041.1110_none_60b5254171f9507e;C:\Program Files\Eclipse Adoptium\jdk-11.0.13.8-hotspot\bin\server

VM Arguments:
jvm_args: -Dorg.gradle.appname=gradlew 
java_command: org.gradle.wrapper.GradleWrapperMain installDebug
java_class_path (initial): C:\Users\Irfan\Documents\GitHub\sumber-terang\\gradle\wrapper\gradle-wrapper.jar
Launcher Type: SUN_STANDARD

[Global flags]
     intx CICompilerCount                          = 3                                         {product} {ergonomic}
     uint ConcGCThreads                            = 2                                         {product} {ergonomic}
     uint G1ConcRefinementThreads                  = 6                                         {product} {ergonomic}
   size_t G1HeapRegionSize                         = 2097152                                   {product} {ergonomic}
    uintx GCDrainStackTargetSize                   = 64                                        {product} {ergonomic}
   size_t InitialHeapSize                          = 536870912                                 {product} {ergonomic}
   size_t MarkStackSize                            = 4194304                                   {product} {ergonomic}
   size_t MaxHeapSize                              = 8577351680                                {product} {ergonomic}
   size_t MinHeapDeltaBytes                        = 2097152                                   {product} {ergonomic}
    uintx NonNMethodCodeHeapSize                   = 5830732                                {pd product} {ergonomic}
    uintx NonProfiledCodeHeapSize                  = 122913754                              {pd product} {ergonomic}
    uintx ProfiledCodeHeapSize                     = 122913754                              {pd product} {ergonomic}
    uintx ReservedCodeCacheSize                    = 251658240                              {pd product} {ergonomic}
     bool SegmentedCodeCache                       = true                                      {product} {ergonomic}
     bool UseCompressedClassPointers               = true                                 {lp64_product} {ergonomic}
     bool UseCompressedOops                        = true                                 {lp64_product} {ergonomic}
     bool UseG1GC                                  = true                                      {product} {ergonomic}
     bool UseLargePagesIndividualAllocation        = false                                  {pd product} {ergonomic}

Logging:
Log output configuration:
 #0: stdout all=warning uptime,level,tags
 #1: stderr all=off uptime,level,tags

Environment Variables:
JAVA_HOME=C:\Program Files\Eclipse Adoptium\jdk-11.0.13.8-hotspot\
CLASSPATH=C:\Users\Irfan\Documents\GitHub\sumber-terang\\gradle\wrapper\gradle-wrapper.jar
PATH=C:\Program Files\Eclipse Adoptium\jdk-11.0.13.8-hotspot\bin;C:\Program Files\ImageMagick-7.1.0-Q16-HDRI;C:\WINDOWS\system32;C:\WINDOWS;C:\WINDOWS\System32\Wbem;C:\WINDOWS\System32\WindowsPowerShell\v1.0\;C:\WINDOWS\System32\OpenSSH\;C:\xampp\php;C:\xampp\apache\bin;C:\Program Files\PuTTY\;C:\Program Files\Git\cmd;C:\Program Files\nodejs\;C:\ProgramData\ComposerSetup\bin;C:\Program Files (x86)\Certbot\bin;C:\Program Files (x86)\NVIDIA Corporation\PhysX\Common;C:\Program Files (x86)\Yarn\bin\;C:\Android\cmdline-tools\tools\bin;C:\Android\flutter\bin;C:\Users\Irfan\AppData\Local\Yarn\bin;C:\Users\Irfan\AppData\Local\GitHubDesktop\bin;C:\Users\Irfan\AppData\Local\Programs\Microsoft VS Code\bin
USERNAME=Irfan
OS=Windows_NT
PROCESSOR_IDENTIFIER=Intel64 Family 6 Model 158 Stepping 13, GenuineIntel



---------------  S Y S T E M  ---------------

OS: Windows 10 , 64 bit Build 19041 (10.0.19041.1023)
OS uptime: 0 days 7:07 hours

CPU:total 6 (initial active 6) (6 cores per cpu, 1 threads per core) family 6 model 158 stepping 13 microcode 0xb8, cmov, cx8, fxsr, mmx, sse, sse2, sse3, ssse3, sse4.1, sse4.2, popcnt, avx, avx2, aes, clmul, erms, 3dnowpref, lzcnt, tsc, tscinvbit, bmi1, bmi2, adx, fma

Memory: 4k page, system-wide physical 32712M (10295M free)
TotalPageFile size 40712M (AvailPageFile size 439M)
current process WorkingSet (physical memory assigned to process): 10M, peak: 10M
current process commit charge ("private bytes"): 56M, peak: 568M

vm_info: OpenJDK 64-Bit Server VM (11.0.13+8) for windows-amd64 JRE (11.0.13+8), built on Oct 19 2021 17:05:59 by "" with unknown MS VC++:1916

END.
