#
# There is insufficient memory for the Java Runtime Environment to continue.
# Native memory allocation (mmap) failed to map 536870912 bytes for Failed to commit area from 0x0000000600c00000 to 0x0000000620c00000 of length 536870912.
# Possible reasons:
#   The system is out of physical RAM or swap space
#   The process is running with CompressedOops enabled, and the Java Heap may be blocking the growth of the native heap
# Possible solutions:
#   Reduce memory load on the system
#   Increase physical memory or swap space
#   Check if swap backing store is full
#   Decrease Java heap size (-Xmx/-Xms)
#   Decrease number of Java threads
#   Decrease Java thread stack sizes (-Xss)
#   Set larger code cache with -XX:ReservedCodeCacheSize=
# This output file may be truncated or incomplete.
#
#  Out of Memory Error (./src/hotspot/os/windows/os_windows.cpp:3311), pid=40268, tid=28272
#
# JRE version:  (11.0.13+8) (build )
# Java VM: OpenJDK 64-Bit Server VM (11.0.13+8, mixed mode, sharing, tiered, compressed oops, g1 gc, windows-amd64)
# No core dump will be written. Minidumps are not enabled by default on client versions of Windows
#

---------------  S U M M A R Y ------------

Command Line: -Dorg.gradle.appname=gradlew org.gradle.wrapper.GradleWrapperMain installDebug

Host: Intel(R) Core(TM) i5-9400F CPU @ 2.90GHz, 6 cores, 31G,  Windows 10 , 64 bit Build 19041 (10.0.19041.1023)
Time: Sat Nov  6 10:20:00 2021 SE Asia Standard Time elapsed time: 0.049175 seconds (0d 0h 0m 0s)

---------------  T H R E A D  ---------------

Current thread (0x000001b7c921a000):  JavaThread "Unknown thread" [_thread_in_vm, id=28272, stack(0x0000001a5b700000,0x0000001a5b800000)]

Stack: [0x0000001a5b700000,0x0000001a5b800000]
Native frames: (J=compiled Java code, j=interpreted, Vv=VM code, C=native code)
V  [jvm.dll+0x61cc7a]
V  [jvm.dll+0x7a8fd9]
V  [jvm.dll+0x7aa69f]
V  [jvm.dll+0x7aad73]
V  [jvm.dll+0x24f808]
V  [jvm.dll+0x619f8a]
V  [jvm.dll+0x60e835]
V  [jvm.dll+0x30733c]
V  [jvm.dll+0x3071c2]
V  [jvm.dll+0x30bee6]
V  [jvm.dll+0x350e8f]
V  [jvm.dll+0x3508c0]
V  [jvm.dll+0x2e4438]
V  [jvm.dll+0x2e5596]
V  [jvm.dll+0x782db7]
V  [jvm.dll+0x78453f]
V  [jvm.dll+0x35dc19]
V  [jvm.dll+0x765d40]
V  [jvm.dll+0x3cb66f]
V  [jvm.dll+0x3cda01]
C  [jli.dll+0x5207]
C  [ucrtbase.dll+0x21bb2]
C  [KERNEL32.DLL+0x17034]
C  [ntdll.dll+0x52651]


---------------  P R O C E S S  ---------------

Threads class SMR info:
_java_thread_list=0x000001b7c9141ce0, length=0, elements={
}

Java Threads: ( => current thread )

Other Threads:
  0x000001b7cb244800 GCTaskThread "GC Thread#0" [stack: 0x0000001a5b800000,0x0000001a5b900000] [id=39992]
  0x000001b7cb2c5800 ConcurrentGCThread "G1 Main Marker" [stack: 0x0000001a5b900000,0x0000001a5ba00000] [id=37648]
  0x000001b7cb2c7800 ConcurrentGCThread "G1 Conc#0" [stack: 0x0000001a5ba00000,0x0000001a5bb00000] [id=39728]

[error occurred during error reporting (printing all threads), id 0xc0000005, EXCEPTION_ACCESS_VIOLATION (0xc0000005) at pc=0x00007ffa363e3b17]

VM state:not at safepoint (not fully initialized)

VM Mutex/Monitor currently owned by a thread:  ([mutex/lock_event])
[0x000001b7cb22ee60] Heap_lock - owner thread: 0x000001b7c921a000

Heap address: 0x0000000600c00000, size: 8180 MB, Compressed Oops mode: Non-zero based: 0x0000000600c00000
Narrow klass base: 0x0000000000000000, Narrow klass shift: 0

GC Heap History (0 events):
No events

Deoptimization events (0 events):
No events

Classes redefined (0 events):
No events

Internal exceptions (0 events):
No events

Events (1 events):
Event: 0.007 Loaded shared library C:\Program Files\Eclipse Adoptium\jdk-11.0.13.8-hotspot\bin\zip.dll


Dynamic libraries:
0x00007ff7e13f0000 - 0x00007ff7e13fd000 	C:\Program Files\Eclipse Adoptium\jdk-11.0.13.8-hotspot\bin\java.exe
0x00007ffad5770000 - 0x00007ffad5965000 	C:\WINDOWS\SYSTEM32\ntdll.dll
0x00007ffad3dd0000 - 0x00007ffad3e8d000 	C:\WINDOWS\System32\KERNEL32.DLL
0x00007ffad2eb0000 - 0x00007ffad3179000 	C:\WINDOWS\System32\KERNELBASE.dll
0x00007ffad3180000 - 0x00007ffad3280000 	C:\WINDOWS\System32\ucrtbase.dll
0x00007ffaad7c0000 - 0x00007ffaad7d7000 	C:\Program Files\Eclipse Adoptium\jdk-11.0.13.8-hotspot\bin\jli.dll
0x00007ffaad6f0000 - 0x00007ffaad705000 	C:\Program Files\Eclipse Adoptium\jdk-11.0.13.8-hotspot\bin\VCRUNTIME140.dll
0x00007ffad3fc0000 - 0x00007ffad4160000 	C:\WINDOWS\System32\USER32.dll
0x00007ffad35e0000 - 0x00007ffad3602000 	C:\WINDOWS\System32\win32u.dll
0x00007ffabb2c0000 - 0x00007ffabb55a000 	C:\WINDOWS\WinSxS\amd64_microsoft.windows.common-controls_6595b64144ccf1df_6.0.19041.1110_none_60b5254171f9507e\COMCTL32.dll
0x00007ffad5700000 - 0x00007ffad572a000 	C:\WINDOWS\System32\GDI32.dll
0x00007ffad4be0000 - 0x00007ffad4c7e000 	C:\WINDOWS\System32\msvcrt.dll
0x00007ffad3280000 - 0x00007ffad338b000 	C:\WINDOWS\System32\gdi32full.dll
0x00007ffad3740000 - 0x00007ffad37dd000 	C:\WINDOWS\System32\msvcp_win.dll
0x00007ffad5620000 - 0x00007ffad5650000 	C:\WINDOWS\System32\IMM32.DLL
0x00007ffa3ed60000 - 0x00007ffa3edfb000 	C:\Program Files\Eclipse Adoptium\jdk-11.0.13.8-hotspot\bin\msvcp140.dll
0x00007ffa360f0000 - 0x00007ffa36c6e000 	C:\Program Files\Eclipse Adoptium\jdk-11.0.13.8-hotspot\bin\server\jvm.dll
0x00007ffad5650000 - 0x00007ffad56fc000 	C:\WINDOWS\System32\ADVAPI32.dll
0x00007ffad4a30000 - 0x00007ffad4acb000 	C:\WINDOWS\System32\sechost.dll
0x00007ffad3860000 - 0x00007ffad398a000 	C:\WINDOWS\System32\RPCRT4.dll
0x00007ffad3840000 - 0x00007ffad3848000 	C:\WINDOWS\System32\PSAPI.DLL
0x00007ffac9f50000 - 0x00007ffac9f77000 	C:\WINDOWS\SYSTEM32\WINMM.dll
0x00007ffab6590000 - 0x00007ffab6599000 	C:\WINDOWS\SYSTEM32\WSOCK32.dll
0x00007ffad4160000 - 0x00007ffad41cb000 	C:\WINDOWS\System32\WS2_32.dll
0x00007fface720000 - 0x00007fface72a000 	C:\WINDOWS\SYSTEM32\VERSION.dll
0x00007ffad0e00000 - 0x00007ffad0e12000 	C:\WINDOWS\SYSTEM32\kernel.appcore.dll
0x00007ffab7630000 - 0x00007ffab7640000 	C:\Program Files\Eclipse Adoptium\jdk-11.0.13.8-hotspot\bin\verify.dll
0x00007ffab9130000 - 0x00007ffab9314000 	C:\WINDOWS\SYSTEM32\DBGHELP.DLL
0x00007ffab8fb0000 - 0x00007ffab8fdc000 	C:\WINDOWS\SYSTEM32\dbgcore.DLL
0x00007ffad3550000 - 0x00007ffad35d3000 	C:\WINDOWS\System32\bcryptPrimitives.dll
0x00007ffaa5840000 - 0x00007ffaa5868000 	C:\Program Files\Eclipse Adoptium\jdk-11.0.13.8-hotspot\bin\java.dll
0x00007ffab7610000 - 0x00007ffab761a000 	C:\Program Files\Eclipse Adoptium\jdk-11.0.13.8-hotspot\bin\jimage.dll
0x00007ffaab4d0000 - 0x00007ffaab4e7000 	C:\Program Files\Eclipse Adoptium\jdk-11.0.13.8-hotspot\bin\zip.dll

dbghelp: loaded successfully - version: 4.0.5 - missing functions: none
symbol engine: initialized successfully - sym options: 0x614 - pdb path: .;C:\Program Files\Eclipse Adoptium\jdk-11.0.13.8-hotspot\bin;C:\WINDOWS\SYSTEM32;C:\WINDOWS\WinSxS\amd64_microsoft.windows.common-controls_6595b64144ccf1df_6.0.19041.1110_none_60b5254171f9507e;C:\Program Files\Eclipse Adoptium\jdk-11.0.13.8-hotspot\bin\server

VM Arguments:
jvm_args: -Dorg.gradle.appname=gradlew 
java_command: org.gradle.wrapper.GradleWrapperMain installDebug
java_class_path (initial): C:\Users\Irfan\Documents\GitHub\sumber-terang\\gradle\wrapper\gradle-wrapper.jar
Launcher Type: SUN_STANDARD

[Global flags]
     intx CICompilerCount                          = 3                                         {product} {ergonomic}
     uint ConcGCThreads                            = 2                                         {product} {ergonomic}
     uint G1ConcRefinementThreads                  = 6                                         {product} {ergonomic}
   size_t G1HeapRegionSize                         = 2097152                                   {product} {ergonomic}
    uintx GCDrainStackTargetSize                   = 64                                        {product} {ergonomic}
   size_t InitialHeapSize                          = 536870912                                 {product} {ergonomic}
   size_t MarkStackSize                            = 4194304                                   {product} {ergonomic}
   size_t MaxHeapSize                              = 8577351680                                {product} {ergonomic}
   size_t MinHeapDeltaBytes                        = 2097152                                   {product} {ergonomic}
    uintx NonNMethodCodeHeapSize                   = 5830732                                {pd product} {ergonomic}
    uintx NonProfiledCodeHeapSize                  = 122913754                              {pd product} {ergonomic}
    uintx ProfiledCodeHeapSize                     = 122913754                              {pd product} {ergonomic}
    uintx ReservedCodeCacheSize                    = 251658240                              {pd product} {ergonomic}
     bool SegmentedCodeCache                       = true                                      {product} {ergonomic}
     bool UseCompressedClassPointers               = true                                 {lp64_product} {ergonomic}
     bool UseCompressedOops                        = true                                 {lp64_product} {ergonomic}
     bool UseG1GC                                  = true                                      {product} {ergonomic}
     bool UseLargePagesIndividualAllocation        = false                                  {pd product} {ergonomic}

Logging:
Log output configuration:
 #0: stdout all=warning uptime,level,tags
 #1: stderr all=off uptime,level,tags

Environment Variables:
JAVA_HOME=C:\Program Files\Eclipse Adoptium\jdk-11.0.13.8-hotspot\
CLASSPATH=C:\Users\Irfan\Documents\GitHub\sumber-terang\\gradle\wrapper\gradle-wrapper.jar
PATH=C:\Program Files\Eclipse Adoptium\jdk-11.0.13.8-hotspot\bin;C:\Program Files\ImageMagick-7.1.0-Q16-HDRI;C:\WINDOWS\system32;C:\WINDOWS;C:\WINDOWS\System32\Wbem;C:\WINDOWS\System32\WindowsPowerShell\v1.0\;C:\WINDOWS\System32\OpenSSH\;C:\xampp\php;C:\xampp\apache\bin;C:\Program Files\PuTTY\;C:\Program Files\Git\cmd;C:\Program Files\nodejs\;C:\ProgramData\ComposerSetup\bin;C:\Program Files (x86)\Certbot\bin;C:\Program Files (x86)\NVIDIA Corporation\PhysX\Common;C:\Program Files (x86)\Yarn\bin\;C:\Android\cmdline-tools\tools\bin;C:\Android\flutter\bin;C:\Users\Irfan\AppData\Local\Yarn\bin;C:\Users\Irfan\AppData\Local\GitHubDesktop\bin;C:\Users\Irfan\AppData\Local\Programs\Microsoft VS Code\bin
USERNAME=Irfan
OS=Windows_NT
PROCESSOR_IDENTIFIER=Intel64 Family 6 Model 158 Stepping 13, GenuineIntel



---------------  S Y S T E M  ---------------

OS: Windows 10 , 64 bit Build 19041 (10.0.19041.1023)
OS uptime: 0 days 2:18 hours

CPU:total 6 (initial active 6) (6 cores per cpu, 1 threads per core) family 6 model 158 stepping 13 microcode 0xb8, cmov, cx8, fxsr, mmx, sse, sse2, sse3, ssse3, sse4.1, sse4.2, popcnt, avx, avx2, aes, clmul, erms, 3dnowpref, lzcnt, tsc, tscinvbit, bmi1, bmi2, adx, fma

Memory: 4k page, system-wide physical 32712M (7440M free)
TotalPageFile size 40712M (AvailPageFile size 476M)
current process WorkingSet (physical memory assigned to process): 10M, peak: 10M
current process commit charge ("private bytes"): 56M, peak: 568M

vm_info: OpenJDK 64-Bit Server VM (11.0.13+8) for windows-amd64 JRE (11.0.13+8), built on Oct 19 2021 17:05:59 by "" with unknown MS VC++:1916

END.
