#
# There is insufficient memory for the Java Runtime Environment to continue.
# Native memory allocation (mmap) failed to map 536870912 bytes for Failed to commit area from 0x0000000600c00000 to 0x0000000620c00000 of length 536870912.
# Possible reasons:
#   The system is out of physical RAM or swap space
#   The process is running with CompressedOops enabled, and the Java Heap may be blocking the growth of the native heap
# Possible solutions:
#   Reduce memory load on the system
#   Increase physical memory or swap space
#   Check if swap backing store is full
#   Decrease Java heap size (-Xmx/-Xms)
#   Decrease number of Java threads
#   Decrease Java thread stack sizes (-Xss)
#   Set larger code cache with -XX:ReservedCodeCacheSize=
# This output file may be truncated or incomplete.
#
#  Out of Memory Error (./src/hotspot/os/windows/os_windows.cpp:3311), pid=41036, tid=24844
#
# JRE version:  (11.0.13+8) (build )
# Java VM: OpenJDK 64-Bit Server VM (11.0.13+8, mixed mode, sharing, tiered, compressed oops, g1 gc, windows-amd64)
# No core dump will be written. Minidumps are not enabled by default on client versions of Windows
#

---------------  S U M M A R Y ------------

Command Line: -Dorg.gradle.appname=gradlew org.gradle.wrapper.GradleWrapperMain installDebug

Host: Intel(R) Core(TM) i5-9400F CPU @ 2.90GHz, 6 cores, 31G,  Windows 10 , 64 bit Build 19041 (10.0.19041.1023)
Time: Fri Nov 12 11:15:53 2021 SE Asia Standard Time elapsed time: 0.017336 seconds (0d 0h 0m 0s)

---------------  T H R E A D  ---------------

Current thread (0x0000022eddbc8800):  JavaThread "Unknown thread" [_thread_in_vm, id=24844, stack(0x0000006039900000,0x0000006039a00000)]

Stack: [0x0000006039900000,0x0000006039a00000]
Native frames: (J=compiled Java code, j=interpreted, Vv=VM code, C=native code)
V  [jvm.dll+0x61cc7a]
V  [jvm.dll+0x7a8fd9]
V  [jvm.dll+0x7aa69f]
V  [jvm.dll+0x7aad73]
V  [jvm.dll+0x24f808]
V  [jvm.dll+0x619f8a]
V  [jvm.dll+0x60e835]
V  [jvm.dll+0x30733c]
V  [jvm.dll+0x3071c2]
V  [jvm.dll+0x30bee6]
V  [jvm.dll+0x350e8f]
V  [jvm.dll+0x3508c0]
V  [jvm.dll+0x2e4438]
V  [jvm.dll+0x2e5596]
V  [jvm.dll+0x782db7]
V  [jvm.dll+0x78453f]
V  [jvm.dll+0x35dc19]
V  [jvm.dll+0x765d40]
V  [jvm.dll+0x3cb66f]
V  [jvm.dll+0x3cda01]
C  [jli.dll+0x5207]
C  [ucrtbase.dll+0x21bb2]
C  [KERNEL32.DLL+0x17034]
C  [ntdll.dll+0x52651]


---------------  P R O C E S S  ---------------

Threads class SMR info:
_java_thread_list=0x0000022edc1c0e50, length=0, elements={
}

Java Threads: ( => current thread )

Other Threads:
  0x0000022eddbe1800 GCTaskThread "GC Thread#0" [stack: 0x0000006039a00000,0x0000006039b00000] [id=37984]
  0x0000022eddc61800 ConcurrentGCThread "G1 Main Marker" [stack: 0x0000006039b00000,0x0000006039c00000] [id=41628]
  0x0000022eddc65000 ConcurrentGCThread "G1 Conc#0" [stack: 0x0000006039c00000,0x0000006039d00000] [id=35792]

[error occurred during error reporting (printing all threads), id 0xc0000005, EXCEPTION_ACCESS_VIOLATION (0xc0000005) at pc=0x00007ff80b0f3b17]

VM state:not at safepoint (not fully initialized)

VM Mutex/Monitor currently owned by a thread:  ([mutex/lock_event])
[0x0000022eddbc47b0] Heap_lock - owner thread: 0x0000022eddbc8800

Heap address: 0x0000000600c00000, size: 8180 MB, Compressed Oops mode: Non-zero based: 0x0000000600c00000
Narrow klass base: 0x0000000000000000, Narrow klass shift: 0

GC Heap History (0 events):
No events

Deoptimization events (0 events):
No events

Classes redefined (0 events):
No events

Internal exceptions (0 events):
No events

Events (1 events):
Event: 0.005 Loaded shared library C:\Program Files\Eclipse Adoptium\jdk-11.0.13.8-hotspot\bin\zip.dll


Dynamic libraries:
0x00007ff6763a0000 - 0x00007ff6763ad000 	C:\Program Files\Eclipse Adoptium\jdk-11.0.13.8-hotspot\bin\java.exe
0x00007ff8aa5b0000 - 0x00007ff8aa7a5000 	C:\WINDOWS\SYSTEM32\ntdll.dll
0x00007ff8aa4b0000 - 0x00007ff8aa56d000 	C:\WINDOWS\System32\KERNEL32.DLL
0x00007ff8a7f10000 - 0x00007ff8a81d9000 	C:\WINDOWS\System32\KERNELBASE.dll
0x00007ff8a8330000 - 0x00007ff8a8430000 	C:\WINDOWS\System32\ucrtbase.dll
0x00007ff857910000 - 0x00007ff857927000 	C:\Program Files\Eclipse Adoptium\jdk-11.0.13.8-hotspot\bin\jli.dll
0x00007ff84ad00000 - 0x00007ff84ad15000 	C:\Program Files\Eclipse Adoptium\jdk-11.0.13.8-hotspot\bin\VCRUNTIME140.dll
0x00007ff8a9ab0000 - 0x00007ff8a9c50000 	C:\WINDOWS\System32\USER32.dll
0x00007ff8a7e00000 - 0x00007ff8a7e22000 	C:\WINDOWS\System32\win32u.dll
0x00007ff89a440000 - 0x00007ff89a6da000 	C:\WINDOWS\WinSxS\amd64_microsoft.windows.common-controls_6595b64144ccf1df_6.0.19041.1110_none_60b5254171f9507e\COMCTL32.dll
0x00007ff8a91e0000 - 0x00007ff8a920a000 	C:\WINDOWS\System32\GDI32.dll
0x00007ff8a93c0000 - 0x00007ff8a945e000 	C:\WINDOWS\System32\msvcrt.dll
0x00007ff8a7cf0000 - 0x00007ff8a7dfb000 	C:\WINDOWS\System32\gdi32full.dll
0x00007ff8a8290000 - 0x00007ff8a832d000 	C:\WINDOWS\System32\msvcp_win.dll
0x00007ff8a9a80000 - 0x00007ff8a9ab0000 	C:\WINDOWS\System32\IMM32.DLL
0x00007ff814070000 - 0x00007ff81410b000 	C:\Program Files\Eclipse Adoptium\jdk-11.0.13.8-hotspot\bin\msvcp140.dll
0x00007ff80ae00000 - 0x00007ff80b97e000 	C:\Program Files\Eclipse Adoptium\jdk-11.0.13.8-hotspot\bin\server\jvm.dll
0x00007ff8a8760000 - 0x00007ff8a880c000 	C:\WINDOWS\System32\ADVAPI32.dll
0x00007ff8a8ce0000 - 0x00007ff8a8d7b000 	C:\WINDOWS\System32\sechost.dll
0x00007ff8a8f00000 - 0x00007ff8a902a000 	C:\WINDOWS\System32\RPCRT4.dll
0x00007ff8a8e90000 - 0x00007ff8a8e98000 	C:\WINDOWS\System32\PSAPI.DLL
0x00007ff89dd00000 - 0x00007ff89dd27000 	C:\WINDOWS\SYSTEM32\WINMM.dll
0x00007ff88cdc0000 - 0x00007ff88cdc9000 	C:\WINDOWS\SYSTEM32\WSOCK32.dll
0x00007ff8a3280000 - 0x00007ff8a328a000 	C:\WINDOWS\SYSTEM32\VERSION.dll
0x00007ff8a9350000 - 0x00007ff8a93bb000 	C:\WINDOWS\System32\WS2_32.dll
0x00007ff8a5c40000 - 0x00007ff8a5c52000 	C:\WINDOWS\SYSTEM32\kernel.appcore.dll
0x00007ff880d40000 - 0x00007ff880d50000 	C:\Program Files\Eclipse Adoptium\jdk-11.0.13.8-hotspot\bin\verify.dll
0x00007ff88d8c0000 - 0x00007ff88daa4000 	C:\WINDOWS\SYSTEM32\DBGHELP.DLL
0x00007ff88d3c0000 - 0x00007ff88d3ec000 	C:\WINDOWS\SYSTEM32\dbgcore.DLL
0x00007ff8a8590000 - 0x00007ff8a8613000 	C:\WINDOWS\System32\bcryptPrimitives.dll
0x00007ff81b5e0000 - 0x00007ff81b608000 	C:\Program Files\Eclipse Adoptium\jdk-11.0.13.8-hotspot\bin\java.dll
0x00007ff8778f0000 - 0x00007ff8778fa000 	C:\Program Files\Eclipse Adoptium\jdk-11.0.13.8-hotspot\bin\jimage.dll
0x00007ff849e50000 - 0x00007ff849e67000 	C:\Program Files\Eclipse Adoptium\jdk-11.0.13.8-hotspot\bin\zip.dll

dbghelp: loaded successfully - version: 4.0.5 - missing functions: none
symbol engine: initialized successfully - sym options: 0x614 - pdb path: .;C:\Program Files\Eclipse Adoptium\jdk-11.0.13.8-hotspot\bin;C:\WINDOWS\SYSTEM32;C:\WINDOWS\WinSxS\amd64_microsoft.windows.common-controls_6595b64144ccf1df_6.0.19041.1110_none_60b5254171f9507e;C:\Program Files\Eclipse Adoptium\jdk-11.0.13.8-hotspot\bin\server

VM Arguments:
jvm_args: -Dorg.gradle.appname=gradlew 
java_command: org.gradle.wrapper.GradleWrapperMain installDebug
java_class_path (initial): C:\Users\Irfan\Documents\GitHub\sumber-terang\\gradle\wrapper\gradle-wrapper.jar
Launcher Type: SUN_STANDARD

[Global flags]
     intx CICompilerCount                          = 3                                         {product} {ergonomic}
     uint ConcGCThreads                            = 2                                         {product} {ergonomic}
     uint G1ConcRefinementThreads                  = 6                                         {product} {ergonomic}
   size_t G1HeapRegionSize                         = 2097152                                   {product} {ergonomic}
    uintx GCDrainStackTargetSize                   = 64                                        {product} {ergonomic}
   size_t InitialHeapSize                          = 536870912                                 {product} {ergonomic}
   size_t MarkStackSize                            = 4194304                                   {product} {ergonomic}
   size_t MaxHeapSize                              = 8577351680                                {product} {ergonomic}
   size_t MinHeapDeltaBytes                        = 2097152                                   {product} {ergonomic}
    uintx NonNMethodCodeHeapSize                   = 5830732                                {pd product} {ergonomic}
    uintx NonProfiledCodeHeapSize                  = 122913754                              {pd product} {ergonomic}
    uintx ProfiledCodeHeapSize                     = 122913754                              {pd product} {ergonomic}
    uintx ReservedCodeCacheSize                    = 251658240                              {pd product} {ergonomic}
     bool SegmentedCodeCache                       = true                                      {product} {ergonomic}
     bool UseCompressedClassPointers               = true                                 {lp64_product} {ergonomic}
     bool UseCompressedOops                        = true                                 {lp64_product} {ergonomic}
     bool UseG1GC                                  = true                                      {product} {ergonomic}
     bool UseLargePagesIndividualAllocation        = false                                  {pd product} {ergonomic}

Logging:
Log output configuration:
 #0: stdout all=warning uptime,level,tags
 #1: stderr all=off uptime,level,tags

Environment Variables:
JAVA_HOME=C:\Program Files\Eclipse Adoptium\jdk-11.0.13.8-hotspot\
CLASSPATH=C:\Users\Irfan\Documents\GitHub\sumber-terang\\gradle\wrapper\gradle-wrapper.jar
PATH=C:\Program Files\Eclipse Adoptium\jdk-11.0.13.8-hotspot\bin;C:\Program Files\ImageMagick-7.1.0-Q16-HDRI;C:\WINDOWS\system32;C:\WINDOWS;C:\WINDOWS\System32\Wbem;C:\WINDOWS\System32\WindowsPowerShell\v1.0\;C:\WINDOWS\System32\OpenSSH\;C:\xampp\php;C:\xampp\apache\bin;C:\Program Files\PuTTY\;C:\Program Files\Git\cmd;C:\Program Files\nodejs\;C:\ProgramData\ComposerSetup\bin;C:\Program Files (x86)\Certbot\bin;C:\Program Files (x86)\NVIDIA Corporation\PhysX\Common;C:\Program Files (x86)\Yarn\bin\;C:\Android\cmdline-tools\tools\bin;C:\Android\flutter\bin;C:\Users\Irfan\AppData\Local\Yarn\bin;C:\Users\Irfan\AppData\Local\GitHubDesktop\bin;C:\Users\Irfan\AppData\Local\Programs\Microsoft VS Code\bin
USERNAME=Irfan
OS=Windows_NT
PROCESSOR_IDENTIFIER=Intel64 Family 6 Model 158 Stepping 13, GenuineIntel



---------------  S Y S T E M  ---------------

OS: Windows 10 , 64 bit Build 19041 (10.0.19041.1023)
OS uptime: 0 days 3:27 hours

CPU:total 6 (initial active 6) (6 cores per cpu, 1 threads per core) family 6 model 158 stepping 13 microcode 0xb8, cmov, cx8, fxsr, mmx, sse, sse2, sse3, ssse3, sse4.1, sse4.2, popcnt, avx, avx2, aes, clmul, erms, 3dnowpref, lzcnt, tsc, tscinvbit, bmi1, bmi2, adx, fma

Memory: 4k page, system-wide physical 32712M (11183M free)
TotalPageFile size 40712M (AvailPageFile size 421M)
current process WorkingSet (physical memory assigned to process): 10M, peak: 10M
current process commit charge ("private bytes"): 57M, peak: 569M

vm_info: OpenJDK 64-Bit Server VM (11.0.13+8) for windows-amd64 JRE (11.0.13+8), built on Oct 19 2021 17:05:59 by "" with unknown MS VC++:1916

END.
